Raw stations: 1,2
Raw stations: 4,5
Raw stations: 10
Raw stations: 17,22,23
Raw stations: 0
Raw stations: 1,2,8,9
Booking: 1,2,8,9
Raw stations: 1,2,8,9
Booking: 1,2,8,9
Raw stations: 1,2,8,9
Booking: 1,2,8,9
Raw stations: 1,2,8,9
Booking: 1,2,8,9
Raw stations: 1,2,8,9
Booking: 1,2,8,9
Raw stations: 1,2,8,9
Booking: 1,2,8,9
Raw stations: 1,2,8,9
Booking: 1,2,8,9
Raw stations: 1,2,8,9
Booking: 1,2,8,9
Raw stations: 1,2,8,9
Booking: 1,2,8,9
Raw stations: 1,2,8,9
Booking: 1,2,8,9
Raw stations: 1,2,8,9
Booking: 1,2,8,9
Raw stations: 1,2,8,9
Booking: 1,2,8,9
Raw stations: 1,2,8,9
Booking: 1,2,8,9
Raw stations: 1,2,8,9
Booking: 1,2,8,9
Raw stations: 1,2,8,9
Booking: 1,2,8,9
Raw stations: 1,2,8,9
Booking: 1,2,8,9
Raw stations: 1,2,8,9
Booking: 1,2,8,9
Raw stations: 1,2,8,9
Booking: 1,2,8,9
Raw stations: 1,2,8,9
Booking: 1,2,8,9
Raw stations: 1,2,8,9
Booking: 1,2,8,9
Raw stations: 1,2,8,9
Booking: 1,2,8,9
Raw stations: 1,2,8,9
Booking: 1,2,8,9
Raw stations: 1,2,8,9
Booking: 1,2,8,9
Raw stations: 1,2,8,9
Booking: 1,2,8,9
Raw stations: 1,2,8,9
Booking: 1,2,8,9
Raw stations: 1,2,8,9
Booking: 1,2,8,9
Raw stations: 1,2,8,9
Booking: 1,2,8,9
Raw stations: 1,2,8,9
Booking: 1,2,8,9
Raw stations: 1,2,8,9
Booking: 1,2,8,9
Raw stations: 1,2,8,9
Booking: 1,2,8,9
Raw stations: 1,2,8,9
Booking: 1,2,8,9
Raw stations: 1,2,8,9
Booking: 1,2,8,9
Raw stations: 1,2,8,9
Booking: 1,2,8,9
Raw stations: 1,2,8,9
Booking: 1,2,8,9
Raw stations: 1,2,8,9
Booking: 1,2,8,9
Raw stations: 1,2,8,9
Booking: 1,2,8,9
Raw stations: 1,2,8,9
Booking: 1,2,8,9
Raw stations: 1,2,8,9
Booking: 1,2,8,9
Raw stations: 1,2,8,9
Booking: 1,2,8,9
Raw stations: 1,2,8,9
Booking: 1,2,8,9
Raw stations: 1,2,8,9
Booking: 1,2,8,9
Raw stations: 1,2,8,9
Booking: 1,2,8,9
Raw stations: 1,2,8,9
Booking: 1,2,8,9
Raw stations: 1,2,8,9
Booking: 1,2,8,9
Raw stations: 1,2,8,9
Booking: 1,2,8,9
Raw stations: 1,2,8,9
Booking: 1,2,8,9
Raw stations: 1,2,8,9
Booking: 1,2,8,9
Raw stations: 1,2,8,9
Booking: 1,2,8,9
Raw stations: 1,2,8,9
Booking: 1,2,8,9
Raw stations: 1,2,8,9
Booking: 1,2,8,9
Raw stations: 1,2,8,9
Booking: 1,2,8,9
Raw stations: 1,2,8,9
Booking: 1,2,8,9
Raw stations: 1,2,8,9
Booking: 1,2,8,9
Raw stations: 1,2,8,9
Booking: 1,2,8,9
Raw stations: 1,2,8,9
Booking: 1,2,8,9
Raw stations: 1,2,8,9
Booking: 1,2,8,9
Raw stations: 1,2,8,9
Booking: 1,2,8,9
Raw stations: 1,2,8,9
Booking: 1,2,8,9
Raw stations: 1,2,8,9
Booking: 1,2,8,9
Raw stations: 1,2,8,9
Booking: 1,2,8,9
Raw stations: 1,2,8,9
Booking: 1,2,8,9
Raw stations: 1,2,8,9
Booking: 1,2,8,9
Raw stations: 1,2,8,9
Booking: 1,2,8,9
Raw stations: 1,2,8,9
Booking: 1,2,8,9
Raw stations: 1,2,8,9
Booking: 1,2,8,9
Raw stations: 1,2,8,9
Booking: 1,2,8,9
Raw stations: 1,2,8,9
Booking: 1,2,8,9
Raw stations: 1,2,8,9
Booking: 1,2,8,9
Raw stations: 1,2,8,9
Booking: 1,2,8,9
Raw stations: 1,2,8,9
Booking: 1,2,8,9
Raw stations: 1,2,8,9
Booking: 1,2,8,9
Raw stations: 1,2,8,9
Booking: 1,2,8,9
Raw stations: 1,2,8,9
Booking: 1,2,8,9
Raw stations: 1,2,8,9
Booking: 1,2,8,9
Raw stations: 1,2,8,9
Booking: 1,2,8,9
Raw stations: 1,2,8,9
Booking: 1,2,8,9
Raw stations: 1,2,8,9
Booking: 1,2,8,9
Raw stations: 1,2,8,9
Booking: 1,2,8,9
Raw stations: 1,2,8,9
Booking: 1,2,8,9
Raw stations: 
Raw stations: 
Raw stations: 
Raw stations: 11,12,16,24
Raw stations: 11,12,16,24
Raw stations: 1,2,8,9,17,18
Raw stations: 1,2,8,9,17,18
Raw stations: 21,26,28
Raw stations: 6,7
Raw stations: 29,30,33
Raw stations: 25,27
Raw stations: 
Raw stations: 31,34
Raw stations: 29
Raw stations: 2,3,7
Raw stations: 1,2,3
Raw stations: 9,10
Raw stations: 6,7
Raw stations: 12,13
Raw stations: 12,13
Raw stations: 12,13
Raw stations: 12,13
Raw stations: 12,13
Raw stations: 12,13
Raw stations: 12,13
Raw stations: 12,13
Raw stations: 12,13
Raw stations: 12,13
Raw stations: 12,13
